17:16:48 **** Incremental Build of configuration Debug for project A8 ****
Info: Internal Builder is used for build
gcc -O0 -g3 -Wall -c -fmessage-length=0 -o A8_test.o "..\\A8_test.c" 
In file included from ..\A8.h:4:0,
                 from ..\A8_test.c:3:
..\pqueue.h:6:0: warning: "True" redefined
 # define True 1
 
In file included from ..\data.h:10:0,
                 from ..\pqueue.h:4,
                 from ..\A8.h:4,
                 from ..\A8_test.c:3:
..\process.h:11:0: note: this is the location of the previous definition
 #define True 1;
 
In file included from ..\A8.h:4:0,
                 from ..\A8_test.c:3:
..\pqueue.h:7:0: warning: "False" redefined
 # define False 0
 
In file included from ..\data.h:10:0,
                 from ..\pqueue.h:4,
                 from ..\A8.h:4,
                 from ..\A8_test.c:3:
..\process.h:12:0: note: this is the location of the previous definition
 #define False 0;
 
gcc -o A8.exe A8.o A8_test.o data.o pqueue.o process.o 

17:16:48 Build Finished. 0 errors, 2 warnings. (took 541ms)

